Frame Time Period TrialNo Stimulus
1 0 PRESTIM
91 1479 TRIAL 1 stim=FLOW nDots=1 dir=180 tfreq=3.5 diam=1.50 spac=3.00 dotLvl=0 bgLvl=127 interLvl=127
181 2978 POSTSTIM
211 3476 PRESTIM
301 4977 TRIAL 2 stim=FLOW nDots=1 dir=315 tfreq=3.5 diam=1.50 spac=3.00 dotLvl=255 bgLvl=127 interLvl=127
391 6477 POSTSTIM
421 7039 PRESTIM
511 9606 TRIAL 3 stim=FLOW nDots=3 dir=45 tfreq=3.5 diam=0.70 spac=3.00 dotLvl=255 bgLvl=127 interLvl=127
601 12187 POSTSTIM
631 13005 PRESTIM
721 14483 TRIAL 4 stim=GRAT dir=315 tfreq=3.5 width=12.50 fgLvl=64 bgLvl=192 interLvl=127 phase=0.00
811 15975 POSTSTIM
841 16531 PRESTIM
931 19012 TRIAL 5 stim=FLOW nDots=3 dir=90 tfreq=3.5 diam=0.70 spac=3.00 dotLvl=0 bgLvl=127 interLvl=127
1021 21517 POSTSTIM
1051 22323 PRESTIM
1141 23808 TRIAL 6 stim=FLOW nDots=3 dir=270 tfreq=3.5 diam=1.50 spac=3.00 dotLvl=0 bgLvl=127 interLvl=127
1231 25297 POSTSTIM
1261 25802 PRESTIM
1351 27301 TRIAL 7 stim=FLOW nDots=1 dir=0 tfreq=3.5 diam=0.70 spac=3.00 dotLvl=255 bgLvl=127 interLvl=127
1441 28802 POSTSTIM
1471 29297 PRESTIM
1561 30796 TRIAL 8 stim=FLOW nDots=3 dir=225 tfreq=3.5 diam=1.50 spac=3.00 dotLvl=255 bgLvl=127 interLvl=127
1651 32297 POSTSTIM
1681 32802 PRESTIM
1771 34305 TRIAL 9 stim=FLOW nDots=1 dir=90 tfreq=3.5 diam=0.70 spac=3.00 dotLvl=0 bgLvl=127 interLvl=127
1861 35824 POSTSTIM
1891 36313 PRESTIM
1981 37791 TRIAL 10 stim=GRAT dir=180 tfreq=3.5 width=0.70 fgLvl=64 bgLvl=192 interLvl=127 phase=0.00
2071 39291 POSTSTIM
2101 39809 PRESTIM
2191 41296 TRIAL 11 stim=FLOW nDots=3 dir=90 tfreq=3.5 diam=1.50 spac=3.00 dotLvl=255 bgLvl=127 interLvl=127
2281 42796 POSTSTIM
2311 43291 PRESTIM
2401 44791 TRIAL 12 stim=GRAT dir=135 tfreq=3.5 width=0.70 fgLvl=64 bgLvl=192 interLvl=127 phase=0.00
2491 46291 POSTSTIM
2521 46835 PRESTIM
2611 49303 TRIAL 13 stim=FLOW nDots=3 dir=180 tfreq=3.5 diam=0.70 spac=3.00 dotLvl=255 bgLvl=127 interLvl=127
2701 51804 POSTSTIM
2731 52630 PRESTIM
2821 55090 TRIAL 14 stim=FLOW nDots=3 dir=0 tfreq=3.5 diam=0.70 spac=3.00 dotLvl=0 bgLvl=127 interLvl=127
2911 57589 POSTSTIM
2941 58394 PRESTIM
3031 59867 TRIAL 15 stim=FLOW nDots=3 dir=0 tfreq=3.5 diam=1.50 spac=3.00 dotLvl=0 bgLvl=127 interLvl=127
3121 61363 POSTSTIM
3151 61869 PRESTIM
3241 63374 TRIAL 16 stim=FLOW nDots=1 dir=315 tfreq=3.5 diam=0.70 spac=3.00 dotLvl=0 bgLvl=127 interLvl=127
3331 64897 POSTSTIM
3361 65383 PRESTIM
3451 66862 TRIAL 17 stim=GRAT dir=180 tfreq=3.5 width=12.50 fgLvl=64 bgLvl=192 interLvl=127 phase=0.00
3541 68358 POSTSTIM
3571 68886 PRESTIM
3661 70383 TRIAL 18 stim=FLOW nDots=1 dir=135 tfreq=3.5 diam=0.70 spac=3.00 dotLvl=255 bgLvl=127 interLvl=127
3751 71901 POSTSTIM
3781 72387 PRESTIM
3871 73865 TRIAL 19 stim=FLOW nDots=1 dir=45 tfreq=3.5 diam=1.50 spac=3.00 dotLvl=255 bgLvl=127 interLvl=127
3961 75362 POSTSTIM
3991 75863 PRESTIM
4081 77362 TRIAL 20 stim=FLOW nDots=1 dir=270 tfreq=3.5 diam=1.50 spac=3.00 dotLvl=0 bgLvl=127 interLvl=127
4171 78862 POSTSTIM
4201 79400 PRESTIM
4291 81891 TRIAL 21 stim=FLOW nDots=3 dir=225 tfreq=3.5 diam=0.70 spac=3.00 dotLvl=255 bgLvl=127 interLvl=127
4381 84416 POSTSTIM
4411 85230 PRESTIM
4501 86710 TRIAL 22 stim=FLOW nDots=1 dir=225 tfreq=3.5 diam=1.50 spac=3.00 dotLvl=0 bgLvl=127 interLvl=127
4591 88199 POSTSTIM
4621 88695 PRESTIM
4711 90193 TRIAL 23 stim=FLOW nDots=1 dir=0 tfreq=3.5 diam=1.50 spac=3.00 dotLvl=255 bgLvl=127 interLvl=127
4801 91695 POSTSTIM
4831 92204 PRESTIM
4921 93697 TRIAL 24 stim=FLOW nDots=3 dir=180 tfreq=3.5 diam=1.50 spac=3.00 dotLvl=0 bgLvl=127 interLvl=127
5011 95197 POSTSTIM
5041 95721 PRESTIM
5131 98193 TRIAL 25 stim=FLOW nDots=3 dir=180 tfreq=3.5 diam=0.70 spac=3.00 dotLvl=0 bgLvl=127 interLvl=127
5221 100692 POSTSTIM
5251 101488 PRESTIM
5341 102964 TRIAL 26 stim=GRAT dir=270 tfreq=3.5 width=0.70 fgLvl=64 bgLvl=192 interLvl=127 phase=0.00
5431 104458 POSTSTIM
5461 104987 PRESTIM
5551 106471 TRIAL 27 stim=FLOW nDots=1 dir=270 tfreq=3.5 diam=0.70 spac=3.00 dotLvl=0 bgLvl=127 interLvl=127
5641 107986 POSTSTIM
5671 108491 PRESTIM
5761 109988 TRIAL 28 stim=FLOW nDots=1 dir=315 tfreq=3.5 diam=0.70 spac=3.00 dotLvl=255 bgLvl=127 interLvl=127
5851 111498 POSTSTIM
5881 111995 PRESTIM
5971 113463 TRIAL 29 stim=FLOW nDots=3 dir=315 tfreq=3.5 diam=1.50 spac=3.00 dotLvl=255 bgLvl=127 interLvl=127
6061 114964 POSTSTIM
6091 115457 PRESTIM
6181 116958 TRIAL 30 stim=GRAT dir=225 tfreq=3.5 width=12.50 fgLvl=64 bgLvl=192 interLvl=127 phase=0.00
6271 118458 POSTSTIM
6301 118985 PRESTIM
6391 120480 TRIAL 31 stim=FLOW nDots=1 dir=90 tfreq=3.5 diam=0.70 spac=3.00 dotLvl=255 bgLvl=127 interLvl=127
6481 121997 POSTSTIM
6511 122501 PRESTIM
6601 124997 TRIAL 32 stim=FLOW nDots=3 dir=45 tfreq=3.5 diam=0.70 spac=3.00 dotLvl=0 bgLvl=127 interLvl=127
6691 127530 POSTSTIM
6721 128344 PRESTIM
6811 130047 TRIAL 33 stim=FLOW nDots=3 dir=180 tfreq=3.5 diam=1.50 spac=3.00 dotLvl=255 bgLvl=127 interLvl=127
6901 131626 POSTSTIM
