FlowStims 1.0
scrWidthPx 800
scrHeightPx 600
monitor 1
fastRendering true
antiAlias true
saveMovieFrames false
scrWidthCm 40.0
scrDistCm 25.0
trialLenSec 1.5
preStimLenSec 1.5
postStimLenSec 0.5
nTrialBlocks 3
nDirs 8
tempFreq 3.5
nFadeFrames 3
useFlows true
nDots 1 3
dotFgVal 255 0
->dotBgVal 127 127
->dotInterVal 127 127
dotDiamDeg 1.5 .7
->dotSpacing 3 3
rigidTrans false
sepWeight 1.5
useGratings true
gratWidthDeg 12.5 .7
gratFgVal 192
->gratBgVal 64
->gratInterVal 127
